10, 08, 2015 (07:36:55): Opening rpy file C:\Program Files (x86)\IBM\Rational\Rhapsody Modeler\7.5\Share\Properties\PredefinedTypes.sbs
10, 08, 2015 (07:36:55): 
 Started loading C:\Program Files (x86)\IBM\Rational\Rhapsody Modeler\7.5\Share\Properties\PredefinedTypes.sbs on Thursday, October 08, 2015 (07:36:55).-

10, 08, 2015 (07:36:55): 

Starting inUnit resolution phase


10, 08, 2015 (07:36:55): 

Finished inUnit resolution phase


10, 08, 2015 (07:36:55): 
 Finished loading C:\Program Files (x86)\IBM\Rational\Rhapsody Modeler\7.5\Share\Properties\PredefinedTypes.sbs on Thursday, October 08, 2015 (07:36:55).-

10, 08, 2015 (07:36:55): Opening rpy file C:\Program Files (x86)\IBM\Rational\Rhapsody Modeler\7.5\Share\Properties\PredefinedTypesC++.sbs
10, 08, 2015 (07:36:55): 
 Started loading C:\Program Files (x86)\IBM\Rational\Rhapsody Modeler\7.5\Share\Properties\PredefinedTypesC++.sbs on Thursday, October 08, 2015 (07:36:55).-

10, 08, 2015 (07:36:55): 

Starting inUnit resolution phase


10, 08, 2015 (07:36:55): 

Finished inUnit resolution phase


10, 08, 2015 (07:36:55): 
 Finished loading C:\Program Files (x86)\IBM\Rational\Rhapsody Modeler\7.5\Share\Properties\PredefinedTypesC++.sbs on Thursday, October 08, 2015 (07:36:55).-

10, 08, 2015 (07:36:55): Opening rpy file C:\Users\Simon\Desktop\ArtSpace\Artspace.rpy
10, 08, 2015 (07:36:55): 
 Started loading C:\Users\Simon\Desktop\ArtSpace\Artspace.rpy on Thursday, October 08, 2015 (07:36:55).-

10, 08, 2015 (07:37:02): 
 Finished loading  on Thursday, October 08, 2015 (07:37:02).-

10, 08, 2015 (07:37:03): 
 Finished loading  on Thursday, October 08, 2015 (07:37:03).-

10, 08, 2015 (07:37:03): 

Starting inUnit resolution phase


10, 08, 2015 (07:37:03): 

Finished inUnit resolution phase


10, 08, 2015 (07:37:03): 

Starting inUnit resolution phase


10, 08, 2015 (07:37:03): 

Finished inUnit resolution phase


10, 08, 2015 (07:37:03): 

Starting inUnit resolution phase


10, 08, 2015 (07:37:03): 

Finished inUnit resolution phase


10, 08, 2015 (07:37:04): 
 Finished loading C:\Users\Simon\Desktop\ArtSpace\Artspace.rpy on Thursday, October 08, 2015 (07:37:04).-

10, 08, 2015 (07:37:04): Starting checks of EventsBaseID conflicts
10, 08, 2015 (07:37:04): Finished checks of EventsBaseID conflicts
10, 08, 2015 (07:37:04): End Log
