10, 08, 2015 (06:10:30): Starting Pre-Save actions

10, 08, 2015 (06:10:30): Starting Dialogs Check/Save
10, 08, 2015 (06:10:30): Finished Dialogs Check/Save
10, 08, 2015 (06:10:30): Starting Controlled Files Resolution
10, 08, 2015 (06:10:30): Finished Controlled Files Resolution
10, 08, 2015 (06:10:30): Finished Pre-Save actions

10, 08, 2015 (06:10:30): Creating C:\Users\Simon\My Documents\Rhapsody\stuuuufffff\stuuuufffff.rpy
10, 08, 2015 (06:10:30): 
Started writing C:\Users\Simon\My Documents\Rhapsody\stuuuufffff\stuuuufffff.rpy on Thursday, October 08, 2015 (06:10:30)

10, 08, 2015 (06:10:30): version 8.5.2
10, 08, 2015 (06:10:30): 
Started writing C:\Users\Simon\My Documents\Rhapsody\stuuuufffff\stuuuufffff_rpy\filesTable.dat on Thursday, October 08, 2015 (06:10:30)

10, 08, 2015 (06:10:30): Finished writing C:\Users\Simon\My Documents\Rhapsody\stuuuufffff\stuuuufffff_rpy\filesTable.dat on Thursday, October 08, 2015 (06:10:30)

10, 08, 2015 (06:10:30): Creating C:\Users\Simon\My Documents\Rhapsody\stuuuufffff\stuuuufffff_rpy\Default.sbs
10, 08, 2015 (06:10:30): 
Started writing C:\Users\Simon\My Documents\Rhapsody\stuuuufffff\stuuuufffff_rpy\Default.sbs on Thursday, October 08, 2015 (06:10:30)

10, 08, 2015 (06:10:30): version 8.5.2
10, 08, 2015 (06:10:30): Finished writing C:\Users\Simon\My Documents\Rhapsody\stuuuufffff\stuuuufffff_rpy\Default.sbs on Thursday, October 08, 2015 (06:10:30)

10, 08, 2015 (06:10:30): Creating C:\Users\Simon\My Documents\Rhapsody\stuuuufffff\stuuuufffff_rpy\DefaultComponent.cmp
10, 08, 2015 (06:10:30): 
Started writing C:\Users\Simon\My Documents\Rhapsody\stuuuufffff\stuuuufffff_rpy\DefaultComponent.cmp on Thursday, October 08, 2015 (06:10:30)

10, 08, 2015 (06:10:30): version 8.5.2
10, 08, 2015 (06:10:30): Finished writing C:\Users\Simon\My Documents\Rhapsody\stuuuufffff\stuuuufffff_rpy\DefaultComponent.cmp on Thursday, October 08, 2015 (06:10:30)

10, 08, 2015 (06:10:30): Finished writing C:\Users\Simon\My Documents\Rhapsody\stuuuufffff\stuuuufffff.rpy on Thursday, October 08, 2015 (06:10:30)

10, 08, 2015 (06:10:30): End Log
